\BOOKMARK [1][-]{section.1}{Introduction}{}% 1
\BOOKMARK [1][-]{section.2}{Data\040Process}{}% 2
\BOOKMARK [2][-]{subsection.2.1}{Crop\040and\040Padding}{section.2}% 3
\BOOKMARK [2][-]{subsection.2.2}{HOG\040Feature}{section.2}% 4
\BOOKMARK [1][-]{section.3}{Logistic\040Regression}{}% 5
\BOOKMARK [2][-]{subsection.3.1}{Implement}{section.3}% 6
\BOOKMARK [2][-]{subsection.3.2}{Result}{section.3}% 7
\BOOKMARK [3][-]{subsubsection.3.2.1}{Performance\040-\040learning\040rate}{subsection.3.2}% 8
\BOOKMARK [3][-]{subsubsection.3.2.2}{Performance\040-\040Adam}{subsection.3.2}% 9
\BOOKMARK [3][-]{subsubsection.3.2.3}{Performance\040-\040Ridge\040/\040Lasso}{subsection.3.2}% 10
\BOOKMARK [3][-]{subsubsection.3.2.4}{Distribution\040of\040X}{subsection.3.2}% 11
\BOOKMARK [1][-]{section.4}{Linear\040Discriminant\040Analysis\040\(LDA\)}{}% 12
\BOOKMARK [2][-]{subsection.4.1}{Implement}{section.4}% 13
\BOOKMARK [3][-]{subsubsection.4.1.1}{Train}{subsection.4.1}% 14
\BOOKMARK [3][-]{subsubsection.4.1.2}{Predict}{subsection.4.1}% 15
\BOOKMARK [2][-]{subsection.4.2}{Result}{section.4}% 16
\BOOKMARK [3][-]{subsubsection.4.2.1}{Settings}{subsection.4.2}% 17
\BOOKMARK [3][-]{subsubsection.4.2.2}{Accuracy}{subsection.4.2}% 18
\BOOKMARK [3][-]{subsubsection.4.2.3}{Distribution\040of\040X}{subsection.4.2}% 19
\BOOKMARK [1][-]{section.5}{Kernel\040Based\040LR}{}% 20
\BOOKMARK [2][-]{subsection.5.1}{Implement}{section.5}% 21
\BOOKMARK [2][-]{subsection.5.2}{Result}{section.5}% 22
\BOOKMARK [3][-]{subsubsection.5.2.1}{Settings}{subsection.5.2}% 23
\BOOKMARK [3][-]{subsubsection.5.2.2}{Performance\040-\040rbf\040coef}{subsection.5.2}% 24
\BOOKMARK [1][-]{section.6}{SVM}{}% 25
\BOOKMARK [2][-]{subsection.6.1}{Implement}{section.6}% 26
\BOOKMARK [2][-]{subsection.6.2}{Result}{section.6}% 27
\BOOKMARK [3][-]{subsubsection.6.2.1}{Settings}{subsection.6.2}% 28
\BOOKMARK [3][-]{subsubsection.6.2.2}{Performance}{subsection.6.2}% 29
\BOOKMARK [1][-]{section.7}{CNN}{}% 30
\BOOKMARK [2][-]{subsection.7.1}{Implement}{section.7}% 31
\BOOKMARK [2][-]{subsection.7.2}{Result}{section.7}% 32
\BOOKMARK [3][-]{subsubsection.7.2.1}{Settings}{subsection.7.2}% 33
\BOOKMARK [3][-]{subsubsection.7.2.2}{Performance}{subsection.7.2}% 34
\BOOKMARK [2][-]{subsection.7.3}{Analysis}{section.7}% 35
\BOOKMARK [1][-]{section.8}{Visualization\040of\040Features}{}% 36
\BOOKMARK [2][-]{subsection.8.1}{For\040HOG\040features}{section.8}% 37
\BOOKMARK [3][-]{subsubsection.8.1.1}{PCA}{subsection.8.1}% 38
\BOOKMARK [3][-]{subsubsection.8.1.2}{t-SNE}{subsection.8.1}% 39
\BOOKMARK [3][-]{subsubsection.8.1.3}{Kernel\040PCA}{subsection.8.1}% 40
\BOOKMARK [2][-]{subsection.8.2}{CNN\040Feature}{section.8}% 41
\BOOKMARK [1][-]{section.9}{A\040Naive\040And\040Immature\040Idea}{}% 42
\BOOKMARK [1][-]{section.10}{The\040End}{}% 43
